Traceback (most recent call last):
  File "/opt/hostedtoolcache/Python/3.11.11/x64/lib/python3.11/site-packages/jupyter_cache/executors/utils.py", line 58, in single_nb_execution
    executenb(
  File "/opt/hostedtoolcache/Python/3.11.11/x64/lib/python3.11/site-packages/nbclient/client.py", line 1319, in execute
    return NotebookClient(nb=nb, resources=resources, km=km, **kwargs).execute()
           ^^^^^^^^^^^^^^^^^^^^^^^^^^^^^^^^^^^^^^^^^^^^^^^^^^^^^^^^^^^^^^^^^^^^^
  File "/opt/hostedtoolcache/Python/3.11.11/x64/lib/python3.11/site-packages/jupyter_core/utils/__init__.py", line 165, in wrapped
    return loop.run_until_complete(inner)
           ^^^^^^^^^^^^^^^^^^^^^^^^^^^^^^
  File "/opt/hostedtoolcache/Python/3.11.11/x64/lib/python3.11/asyncio/base_events.py", line 654, in run_until_complete
    return future.result()
           ^^^^^^^^^^^^^^^
  File "/opt/hostedtoolcache/Python/3.11.11/x64/lib/python3.11/site-packages/nbclient/client.py", line 709, in async_execute
    await self.async_execute_cell(
  File "/opt/hostedtoolcache/Python/3.11.11/x64/lib/python3.11/site-packages/nbclient/client.py", line 1062, in async_execute_cell
    await self._check_raise_for_error(cell, cell_index, exec_reply)
  File "/opt/hostedtoolcache/Python/3.11.11/x64/lib/python3.11/site-packages/nbclient/client.py", line 918, in _check_raise_for_error
    raise CellExecutionError.from_cell_and_msg(cell, exec_reply_content)
nbclient.exceptions.CellExecutionError: An error occurred while executing the following cell:
------------------
bqm = tsp_f.to_bqm()
print("Vars:", bqm.num_variables, "\nInteractions:", bqm.num_interactions)
------------------


[0;31m---------------------------------------------------------------------------[0m
[0;31mTypeError[0m                                 Traceback (most recent call last)
Cell [0;32mIn[4], line 1[0m
[0;32m----> 1[0m bqm [38;5;241m=[39m [43mtsp_f[49m[38;5;241;43m.[39;49m[43mto_bqm[49m[43m([49m[43m)[49m
[1;32m      2[0m [38;5;28mprint[39m([38;5;124m"[39m[38;5;124mVars:[39m[38;5;124m"[39m, bqm[38;5;241m.[39mnum_variables, [38;5;124m"[39m[38;5;130;01m\n[39;00m[38;5;124mInteractions:[39m[38;5;124m"[39m, bqm[38;5;241m.[39mnum_interactions)

File [0;32m/opt/hostedtoolcache/Python/3.11.11/x64/lib/python3.11/site-packages/qlasskit/qlassfun.py:259[0m, in [0;36mQlassF.to_bqm[0;34m(self, fmt)[0m
[1;32m    258[0m [38;5;28;01mdef[39;00m [38;5;21mto_bqm[39m([38;5;28mself[39m, fmt: BQMFormat [38;5;241m=[39m [38;5;124m"[39m[38;5;124mbqm[39m[38;5;124m"[39m):
[0;32m--> 259[0m     [38;5;28;01mreturn[39;00m [43mto_bqm[49m[43m([49m
[1;32m    260[0m [43m        [49m[43margs[49m[38;5;241;43m=[39;49m[38;5;28;43mself[39;49m[38;5;241;43m.[39;49m[43margs[49m[43m,[49m[43m [49m[43mreturns[49m[38;5;241;43m=[39;49m[38;5;28;43mself[39;49m[38;5;241;43m.[39;49m[43mreturns[49m[43m,[49m[43m [49m[43mexprs[49m[38;5;241;43m=[39;49m[38;5;28;43mself[39;49m[38;5;241;43m.[39;49m[43mexpressions[49m[43m,[49m[43m [49m[43mfmt[49m[38;5;241;43m=[39;49m[43mfmt[49m
[1;32m    261[0m [43m    [49m[43m)[49m

File [0;32m/opt/hostedtoolcache/Python/3.11.11/x64/lib/python3.11/site-packages/qlasskit/bqm.py:90[0m, in [0;36mto_bqm[0;34m(args, returns, exprs, fmt)[0m
[1;32m     86[0m     new_e [38;5;241m=[39m AndConst(
[1;32m     87[0m         a_vars[exp[38;5;241m.[39mname], a_vars[exp[38;5;241m.[39mname], a_vars[sym[38;5;241m.[39mname], sym[38;5;241m.[39mname
[1;32m     88[0m     )
[1;32m     89[0m [38;5;28;01melif[39;00m sym[38;5;241m.[39mname[[38;5;241m0[39m:[38;5;241m4[39m] [38;5;241m==[39m [38;5;124m"[39m[38;5;124m_ret[39m[38;5;124m"[39m:
[0;32m---> 90[0m     new_e [38;5;241m=[39m [43mSympyToBQM[49m[43m([49m[43ma_vars[49m[43m)[49m[38;5;241;43m.[39;49m[43mvisit[49m[43m([49m[43mexp[49m[43m)[49m
[1;32m     91[0m [38;5;28;01melif[39;00m [38;5;28misinstance[39m(exp, Not):
[1;32m     92[0m     args [38;5;241m=[39m [stbqm[38;5;241m.[39mvisit(a) [38;5;28;01mfor[39;00m a [38;5;129;01min[39;00m exp[38;5;241m.[39margs]

File [0;32m/opt/hostedtoolcache/Python/3.11.11/x64/lib/python3.11/site-packages/qlasskit/bqm.py:53[0m, in [0;36mSympyToBQM.visit[0;34m(self, e)[0m
[1;32m     51[0m         [38;5;28;01mreturn[39;00m pyqubo[38;5;241m.[39mAnd([38;5;241m*[39margs)
[1;32m     52[0m [38;5;28;01melif[39;00m [38;5;28misinstance[39m(e, Xor):
[0;32m---> 53[0m     args [38;5;241m=[39m [43m[[49m[38;5;28;43mself[39;49m[38;5;241;43m.[39;49m[43mvisit[49m[43m([49m[43ma[49m[43m)[49m[43m [49m[38;5;28;43;01mfor[39;49;00m[43m [49m[43ma[49m[43m [49m[38;5;129;43;01min[39;49;00m[43m [49m[43me[49m[38;5;241;43m.[39;49m[43margs[49m[43m][49m
[1;32m     55[0m     [38;5;28;01mif[39;00m [38;5;28mlen[39m(args) [38;5;241m>[39m [38;5;241m2[39m:
[1;32m     56[0m         [38;5;28;01mreturn[39;00m pyqubo[38;5;241m.[39mXor(args[[38;5;241m0[39m], [38;5;28mself[39m[38;5;241m.[39mvisit(Xor([38;5;241m*[39me[38;5;241m.[39margs[[38;5;241m1[39m:])))

File [0;32m/opt/hostedtoolcache/Python/3.11.11/x64/lib/python3.11/site-packages/qlasskit/bqm.py:53[0m, in [0;36m<listcomp>[0;34m(.0)[0m
[1;32m     51[0m         [38;5;28;01mreturn[39;00m pyqubo[38;5;241m.[39mAnd([38;5;241m*[39margs)
[1;32m     52[0m [38;5;28;01melif[39;00m [38;5;28misinstance[39m(e, Xor):
[0;32m---> 53[0m     args [38;5;241m=[39m [[38;5;28;43mself[39;49m[38;5;241;43m.[39;49m[43mvisit[49m[43m([49m[43ma[49m[43m)[49m [38;5;28;01mfor[39;00m a [38;5;129;01min[39;00m e[38;5;241m.[39margs]
[1;32m     55[0m     [38;5;28;01mif[39;00m [38;5;28mlen[39m(args) [38;5;241m>[39m [38;5;241m2[39m:
[1;32m     56[0m         [38;5;28;01mreturn[39;00m pyqubo[38;5;241m.[39mXor(args[[38;5;241m0[39m], [38;5;28mself[39m[38;5;241m.[39mvisit(Xor([38;5;241m*[39me[38;5;241m.[39margs[[38;5;241m1[39m:])))

File [0;32m/opt/hostedtoolcache/Python/3.11.11/x64/lib/python3.11/site-packages/qlasskit/bqm.py:61[0m, in [0;36mSympyToBQM.visit[0;34m(self, e)[0m
[1;32m     59[0m [38;5;28;01melif[39;00m [38;5;28misinstance[39m(e, Or):
[1;32m     60[0m     args [38;5;241m=[39m [[38;5;28mself[39m[38;5;241m.[39mvisit(a) [38;5;28;01mfor[39;00m a [38;5;129;01min[39;00m e[38;5;241m.[39margs]
[0;32m---> 61[0m     [38;5;28;01mreturn[39;00m [43mpyqubo[49m[38;5;241;43m.[39;49m[43mOr[49m[43m([49m[38;5;241;43m*[39;49m[43margs[49m[43m)[49m
[1;32m     62[0m [38;5;28;01melse[39;00m:
[1;32m     63[0m     [38;5;28;01mraise[39;00m [38;5;167;01mException[39;00m([38;5;124mf[39m[38;5;124m"[39m[38;5;132;01m{[39;00me[38;5;132;01m}[39;00m[38;5;124m: unable to translate to BQM[39m[38;5;124m"[39m)

[0;31mTypeError[0m: Or.__init__() takes 3 positional arguments but 4 were given

