Traceback (most recent call last):
  File "/opt/hostedtoolcache/Python/3.11.14/x64/lib/python3.11/site-packages/jupyter_cache/executors/utils.py", line 58, in single_nb_execution
    executenb(
  File "/opt/hostedtoolcache/Python/3.11.14/x64/lib/python3.11/site-packages/nbclient/client.py", line 1319, in execute
    return NotebookClient(nb=nb, resources=resources, km=km, **kwargs).execute()
           ^^^^^^^^^^^^^^^^^^^^^^^^^^^^^^^^^^^^^^^^^^^^^^^^^^^^^^^^^^^^^^^^^^^^^
  File "/opt/hostedtoolcache/Python/3.11.14/x64/lib/python3.11/site-packages/jupyter_core/utils/__init__.py", line 165, in wrapped
    return loop.run_until_complete(inner)
           ^^^^^^^^^^^^^^^^^^^^^^^^^^^^^^
  File "/opt/hostedtoolcache/Python/3.11.14/x64/lib/python3.11/asyncio/base_events.py", line 654, in run_until_complete
    return future.result()
           ^^^^^^^^^^^^^^^
  File "/opt/hostedtoolcache/Python/3.11.14/x64/lib/python3.11/site-packages/nbclient/client.py", line 709, in async_execute
    await self.async_execute_cell(
  File "/opt/hostedtoolcache/Python/3.11.14/x64/lib/python3.11/site-packages/nbclient/client.py", line 1062, in async_execute_cell
    await self._check_raise_for_error(cell, cell_index, exec_reply)
  File "/opt/hostedtoolcache/Python/3.11.14/x64/lib/python3.11/site-packages/nbclient/client.py", line 918, in _check_raise_for_error
    raise CellExecutionError.from_cell_and_msg(cell, exec_reply_content)
nbclient.exceptions.CellExecutionError: An error occurred while executing the following cell:
------------------
import pennylane as qml

tape = hello_world.export("pennylane")
tape
------------------


[31m---------------------------------------------------------------------------[39m
[31mAttributeError[39m                            Traceback (most recent call last)
[36mCell[39m[36m [39m[32mIn[5][39m[32m, line 1[39m
[32m----> [39m[32m1[39m [38;5;28;01mimport[39;00m[38;5;250m [39m[34;01mpennylane[39;00m[38;5;250m [39m[38;5;28;01mas[39;00m[38;5;250m [39m[34;01mqml[39;00m
[32m      3[39m tape = hello_world.export([33m"[39m[33mpennylane[39m[33m"[39m)
[32m      4[39m tape

[36mFile [39m[32m/opt/hostedtoolcache/Python/3.11.14/x64/lib/python3.11/site-packages/pennylane/__init__.py:30[39m
[32m     27[39m [38;5;28;01mfrom[39;00m[38;5;250m [39m[34;01mpennylane[39;00m[34;01m.[39;00m[34;01mboolean_fn[39;00m[38;5;250m [39m[38;5;28;01mimport[39;00m BooleanFn
[32m     28[39m [38;5;28;01mfrom[39;00m[38;5;250m [39m[34;01mpennylane[39;00m[34;01m.[39;00m[34;01mqueuing[39;00m[38;5;250m [39m[38;5;28;01mimport[39;00m QueuingManager, apply
[32m---> [39m[32m30[39m [38;5;28;01mimport[39;00m[38;5;250m [39m[34;01mpennylane[39;00m[34;01m.[39;00m[34;01mkernels[39;00m
[32m     31[39m [38;5;28;01mimport[39;00m[38;5;250m [39m[34;01mpennylane[39;00m[34;01m.[39;00m[34;01mmath[39;00m
[32m     32[39m [38;5;28;01mimport[39;00m[38;5;250m [39m[34;01mpennylane[39;00m[34;01m.[39;00m[34;01moperation[39;00m

[36mFile [39m[32m/opt/hostedtoolcache/Python/3.11.14/x64/lib/python3.11/site-packages/pennylane/kernels/__init__.py:18[39m
[32m      1[39m [38;5;66;03m# Copyright 2018-2021 Xanadu Quantum Technologies Inc.[39;00m
[32m      2[39m 
[32m      3[39m [38;5;66;03m# Licensed under the Apache License, Version 2.0 (the "License");[39;00m
[32m   (...)[39m[32m     12[39m [38;5;66;03m# See the License for the specific language governing permissions and[39;00m
[32m     13[39m [38;5;66;03m# limitations under the License.[39;00m
[32m     14[39m [33mr[39m[33;03m"""[39;00m
[32m     15[39m [33;03mThis subpackage defines functions that relate to quantum kernel methods.[39;00m
[32m     16[39m [33;03m"""[39;00m
[32m---> [39m[32m18[39m [38;5;28;01mfrom[39;00m[38;5;250m [39m[34;01m.[39;00m[34;01mcost_functions[39;00m[38;5;250m [39m[38;5;28;01mimport[39;00m (
[32m     19[39m     polarity,
[32m     20[39m     target_alignment,
[32m     21[39m )
[32m     22[39m [38;5;28;01mfrom[39;00m[38;5;250m [39m[34;01m.[39;00m[34;01mpostprocessing[39;00m[38;5;250m [39m[38;5;28;01mimport[39;00m (
[32m     23[39m     threshold_matrix,
[32m     24[39m     displace_matrix,
[32m   (...)[39m[32m     27[39m     mitigate_depolarizing_noise,
[32m     28[39m )
[32m     29[39m [38;5;28;01mfrom[39;00m[38;5;250m [39m[34;01m.[39;00m[34;01mutils[39;00m[38;5;250m [39m[38;5;28;01mimport[39;00m (
[32m     30[39m     kernel_matrix,
[32m     31[39m     square_kernel_matrix,
[32m     32[39m )

[36mFile [39m[32m/opt/hostedtoolcache/Python/3.11.14/x64/lib/python3.11/site-packages/pennylane/kernels/cost_functions.py:18[39m
[32m      1[39m [38;5;66;03m# Copyright 2018-2021 Xanadu Quantum Technologies Inc.[39;00m
[32m      2[39m 
[32m      3[39m [38;5;66;03m# Licensed under the Apache License, Version 2.0 (the "License");[39;00m
[32m   (...)[39m[32m     12[39m [38;5;66;03m# See the License for the specific language governing permissions and[39;00m
[32m     13[39m [38;5;66;03m# limitations under the License.[39;00m
[32m     14[39m [33;03m"""[39;00m
[32m     15[39m [33;03mThis file contains functionalities for kernel related costs.[39;00m
[32m     16[39m [33;03mSee `here <https://www.doi.org/10.1007/s10462-012-9369-4>`_ for a review.[39;00m
[32m     17[39m [33;03m"""[39;00m
[32m---> [39m[32m18[39m [38;5;28;01mfrom[39;00m[38;5;250m [39m[34;01mpennylane[39;00m[38;5;250m [39m[38;5;28;01mimport[39;00m numpy [38;5;28;01mas[39;00m np
[32m     19[39m [38;5;28;01mfrom[39;00m[38;5;250m [39m[34;01m.[39;00m[34;01m.[39;00m[34;01mmath[39;00m[38;5;250m [39m[38;5;28;01mimport[39;00m frobenius_inner_product
[32m     20[39m [38;5;28;01mfrom[39;00m[38;5;250m [39m[34;01m.[39;00m[34;01mutils[39;00m[38;5;250m [39m[38;5;28;01mimport[39;00m square_kernel_matrix

[36mFile [39m[32m/opt/hostedtoolcache/Python/3.11.14/x64/lib/python3.11/site-packages/pennylane/numpy/__init__.py:87[39m
[32m     84[39m [38;5;28;01mfrom[39;00m[38;5;250m [39m[34;01mautograd[39;00m[38;5;250m [39m[38;5;28;01mimport[39;00m numpy [38;5;28;01mas[39;00m _np
[32m     85[39m [38;5;28;01mfrom[39;00m[38;5;250m [39m[34;01mautograd[39;00m[34;01m.[39;00m[34;01mnumpy[39;00m[38;5;250m [39m[38;5;28;01mimport[39;00m *
[32m---> [39m[32m87[39m [38;5;28;01mfrom[39;00m[38;5;250m [39m[34;01m.[39;00m[34;01mwrapper[39;00m[38;5;250m [39m[38;5;28;01mimport[39;00m wrap_arrays, extract_tensors, tensor_wrapper
[32m     89[39m wrap_arrays(_np.[34m__dict__[39m, [38;5;28mglobals[39m())
[32m     91[39m [38;5;66;03m# Delete the unwrapped fft, linalg, random modules[39;00m
[32m     92[39m [38;5;66;03m# so that we can re-import our wrapped versions.[39;00m

[36mFile [39m[32m/opt/hostedtoolcache/Python/3.11.14/x64/lib/python3.11/site-packages/pennylane/numpy/wrapper.py:23[39m
[32m     19[39m [38;5;28;01mimport[39;00m[38;5;250m [39m[34;01mfunctools[39;00m
[32m     21[39m [38;5;28;01mfrom[39;00m[38;5;250m [39m[34;01mautograd[39;00m[38;5;250m [39m[38;5;28;01mimport[39;00m numpy [38;5;28;01mas[39;00m _np
[32m---> [39m[32m23[39m [38;5;28;01mfrom[39;00m[38;5;250m [39m[34;01m.[39;00m[34;01mtensor[39;00m[38;5;250m [39m[38;5;28;01mimport[39;00m tensor
[32m     26[39m [38;5;28;01mdef[39;00m[38;5;250m [39m[34mextract_tensors[39m(x):
[32m     27[39m [38;5;250m    [39m[33;03m"""Iterate through an iterable, and extract any PennyLane[39;00m
[32m     28[39m [33;03m    tensors that appear.[39;00m
[32m     29[39m 
[32m   (...)[39m[32m     43[39m [33;03m    [tensor(0.1, requires_grad=True)][39;00m
[32m     44[39m [33;03m    """[39;00m

[36mFile [39m[32m/opt/hostedtoolcache/Python/3.11.14/x64/lib/python3.11/site-packages/pennylane/numpy/tensor.py:25[39m
[32m     22[39m [38;5;28;01mfrom[39;00m[38;5;250m [39m[34;01mautograd[39;00m[34;01m.[39;00m[34;01mnumpy[39;00m[34;01m.[39;00m[34;01mnumpy_vspaces[39;00m[38;5;250m [39m[38;5;28;01mimport[39;00m ArrayVSpace, ComplexArrayVSpace
[32m     23[39m [38;5;28;01mfrom[39;00m[38;5;250m [39m[34;01mautograd[39;00m[34;01m.[39;00m[34;01mtracer[39;00m[38;5;250m [39m[38;5;28;01mimport[39;00m Box
[32m---> [39m[32m25[39m [38;5;28;01mfrom[39;00m[38;5;250m [39m[34;01mpennylane[39;00m[34;01m.[39;00m[34;01moperation[39;00m[38;5;250m [39m[38;5;28;01mimport[39;00m Operator
[32m     27[39m [34m__doc__[39m = [33m"[39m[33mNumPy with automatic differentiation support, provided by Autograd and PennyLane.[39m[33m"[39m
[32m     30[39m [38;5;66;03m# Hotfix since _np.asarray doesn't have a gradient rule defined.[39;00m

[36mFile [39m[32m/opt/hostedtoolcache/Python/3.11.14/x64/lib/python3.11/site-packages/pennylane/operation.py:247[39m
[32m    244[39m [38;5;28;01mfrom[39;00m[38;5;250m [39m[34;01mscipy[39;00m[34;01m.[39;00m[34;01msparse[39;00m[38;5;250m [39m[38;5;28;01mimport[39;00m coo_matrix, eye, kron
[32m    246[39m [38;5;28;01mimport[39;00m[38;5;250m [39m[34;01mpennylane[39;00m[38;5;250m [39m[38;5;28;01mas[39;00m[38;5;250m [39m[34;01mqml[39;00m
[32m--> [39m[32m247[39m [38;5;28;01mfrom[39;00m[38;5;250m [39m[34;01mpennylane[39;00m[34;01m.[39;00m[34;01mmath[39;00m[38;5;250m [39m[38;5;28;01mimport[39;00m expand_matrix
[32m    248[39m [38;5;28;01mfrom[39;00m[38;5;250m [39m[34;01mpennylane[39;00m[34;01m.[39;00m[34;01mqueuing[39;00m[38;5;250m [39m[38;5;28;01mimport[39;00m QueuingManager
[32m    249[39m [38;5;28;01mfrom[39;00m[38;5;250m [39m[34;01mpennylane[39;00m[34;01m.[39;00m[34;01mtyping[39;00m[38;5;250m [39m[38;5;28;01mimport[39;00m TensorLike

[36mFile [39m[32m/opt/hostedtoolcache/Python/3.11.14/x64/lib/python3.11/site-packages/pennylane/math/__init__.py:110[39m
[32m    101[39m [38;5;250m    [39m[33;03m"""An interface independent way of getting the name of the datatype.[39;00m
[32m    102[39m 
[32m    103[39m [33;03m    >>> x = tf.Variable(0.1)[39;00m
[32m    104[39m [33;03m    >>> qml.math.get_dtype_name(tf.Variable(0.1))[39;00m
[32m    105[39m [33;03m    'float32'[39;00m
[32m    106[39m [33;03m    """[39;00m
[32m    107[39m     [38;5;28;01mreturn[39;00m ar.get_dtype_name(x)
[32m--> [39m[32m110[39m [38;5;28;01mclass[39;00m[38;5;250m [39m[34;01mNumpyMimic[39;00m([43mar[49m[43m.[49m[43mautoray[49m[43m.[49m[43mNumpyMimic[49m):
[32m    111[39m [38;5;250m    [39m[33;03m"""Subclass of the Autoray NumpyMimic class in order to support[39;00m
[32m    112[39m [33;03m    the NumPy fft submodule"""[39;00m
[32m    114[39m     [38;5;66;03m# pylint: disable=too-few-public-methods[39;00m

[31mAttributeError[39m: module 'autoray.autoray' has no attribute 'NumpyMimic'

